2022/03/09 20:00:43 [notice] 1#1: using the "epoll" event method
2022/03/09 20:00:43 [notice] 1#1: nginx/1.20.2
2022/03/09 20:00:43 [notice] 1#1: built by gcc 10.2.1 20210110 (Debian 10.2.1-6) 
2022/03/09 20:00:43 [notice] 1#1: OS: Linux 5.16.11-2-MANJARO
2022/03/09 20:00:43 [notice] 1#1: getrlimit(RLIMIT_NOFILE): 1073741816:1073741816
2022/03/09 20:00:43 [notice] 1#1: start worker processes
2022/03/09 20:00:43 [notice] 1#1: start worker process 30
2022/03/09 20:00:43 [notice] 1#1: start worker process 31
2022/03/09 20:00:43 [notice] 1#1: start worker process 32
2022/03/09 20:00:43 [notice] 1#1: start worker process 33
2022/03/09 20:00:43 [notice] 1#1: start worker process 34
2022/03/09 20:00:43 [notice] 1#1: start worker process 35
2022/03/09 20:09:49 [notice] 1#1: using the "epoll" event method
2022/03/09 20:09:49 [notice] 1#1: nginx/1.20.2
2022/03/09 20:09:49 [notice] 1#1: built by gcc 10.2.1 20210110 (Debian 10.2.1-6) 
2022/03/09 20:09:49 [notice] 1#1: OS: Linux 5.16.11-2-MANJARO
2022/03/09 20:09:49 [notice] 1#1: getrlimit(RLIMIT_NOFILE): 1073741816:1073741816
2022/03/09 20:09:49 [notice] 1#1: start worker processes
2022/03/09 20:09:49 [notice] 1#1: start worker process 30
2022/03/09 20:09:49 [notice] 1#1: start worker process 31
2022/03/09 20:09:49 [notice] 1#1: start worker process 32
2022/03/09 20:09:49 [notice] 1#1: start worker process 33
2022/03/09 20:09:49 [notice] 1#1: start worker process 34
2022/03/09 20:09:49 [notice] 1#1: start worker process 35
2022/03/09 20:09:56 [notice] 1#1: signal 3 (SIGQUIT) received, shutting down
2022/03/09 20:09:56 [notice] 31#31: gracefully shutting down
2022/03/09 20:09:56 [notice] 31#31: exiting
2022/03/09 20:09:56 [notice] 31#31: exit
2022/03/09 20:09:56 [notice] 32#32: gracefully shutting down
2022/03/09 20:09:56 [notice] 32#32: exiting
2022/03/09 20:09:56 [notice] 32#32: exit
2022/03/09 20:09:56 [notice] 30#30: gracefully shutting down
2022/03/09 20:09:56 [notice] 30#30: exiting
2022/03/09 20:09:56 [notice] 33#33: gracefully shutting down
2022/03/09 20:09:56 [notice] 34#34: gracefully shutting down
2022/03/09 20:09:56 [notice] 30#30: exit
2022/03/09 20:09:56 [notice] 33#33: exiting
2022/03/09 20:09:56 [notice] 34#34: exiting
2022/03/09 20:09:56 [notice] 33#33: exit
2022/03/09 20:09:56 [notice] 34#34: exit
2022/03/09 20:09:56 [notice] 35#35: gracefully shutting down
2022/03/09 20:09:56 [notice] 35#35: exiting
2022/03/09 20:09:56 [notice] 35#35: exit
2022/03/09 20:09:56 [notice] 1#1: signal 17 (SIGCHLD) received from 35
2022/03/09 20:09:56 [notice] 1#1: worker process 35 exited with code 0
2022/03/09 20:09:56 [notice] 1#1: signal 29 (SIGIO) received
2022/03/09 20:09:56 [notice] 1#1: signal 17 (SIGCHLD) received from 33
2022/03/09 20:09:56 [notice] 1#1: worker process 30 exited with code 0
2022/03/09 20:09:56 [notice] 1#1: worker process 31 exited with code 0
2022/03/09 20:09:56 [notice] 1#1: worker process 32 exited with code 0
2022/03/09 20:09:56 [notice] 1#1: worker process 33 exited with code 0
2022/03/09 20:09:56 [notice] 1#1: signal 29 (SIGIO) received
2022/03/09 20:09:56 [notice] 1#1: signal 17 (SIGCHLD) received from 34
2022/03/09 20:09:56 [notice] 1#1: worker process 34 exited with code 0
2022/03/09 20:09:56 [notice] 1#1: exit
2022/03/09 20:10:27 [notice] 1#1: using the "epoll" event method
2022/03/09 20:10:27 [notice] 1#1: nginx/1.20.2
2022/03/09 20:10:27 [notice] 1#1: built by gcc 10.2.1 20210110 (Debian 10.2.1-6) 
2022/03/09 20:10:27 [notice] 1#1: OS: Linux 5.16.11-2-MANJARO
2022/03/09 20:10:27 [notice] 1#1: getrlimit(RLIMIT_NOFILE): 1073741816:1073741816
2022/03/09 20:10:27 [notice] 1#1: start worker processes
2022/03/09 20:10:27 [notice] 1#1: start worker process 30
2022/03/09 20:10:27 [notice] 1#1: start worker process 31
2022/03/09 20:10:27 [notice] 1#1: start worker process 32
2022/03/09 20:10:27 [notice] 1#1: start worker process 33
2022/03/09 20:10:27 [notice] 1#1: start worker process 34
2022/03/09 20:10:27 [notice] 1#1: start worker process 35
2022/03/13 15:56:01 [notice] 1#1: using the "epoll" event method
2022/03/13 15:56:01 [notice] 1#1: nginx/1.20.2
2022/03/13 15:56:01 [notice] 1#1: built by gcc 10.2.1 20210110 (Debian 10.2.1-6) 
2022/03/13 15:56:01 [notice] 1#1: OS: Linux 5.16.11-2-MANJARO
2022/03/13 15:56:01 [notice] 1#1: getrlimit(RLIMIT_NOFILE): 1073741816:1073741816
2022/03/13 15:56:01 [notice] 1#1: start worker processes
2022/03/13 15:56:01 [notice] 1#1: start worker process 30
2022/03/13 15:56:01 [notice] 1#1: start worker process 31
2022/03/13 15:56:01 [notice] 1#1: start worker process 32
2022/03/13 15:56:01 [notice] 1#1: start worker process 33
2022/03/13 15:56:01 [notice] 1#1: start worker process 34
2022/03/13 15:56:01 [notice] 1#1: start worker process 35
2022/03/14 14:22:54 [notice] 1#1: using the "epoll" event method
2022/03/14 14:22:54 [notice] 1#1: nginx/1.20.2
2022/03/14 14:22:54 [notice] 1#1: built by gcc 10.2.1 20210110 (Debian 10.2.1-6) 
2022/03/14 14:22:54 [notice] 1#1: OS: Linux 5.16.11-2-MANJARO
2022/03/14 14:22:54 [notice] 1#1: getrlimit(RLIMIT_NOFILE): 1073741816:1073741816
2022/03/14 14:22:54 [notice] 1#1: start worker processes
2022/03/14 14:22:54 [notice] 1#1: start worker process 30
2022/03/14 14:22:54 [notice] 1#1: start worker process 31
2022/03/14 14:22:54 [notice] 1#1: start worker process 32
2022/03/14 14:22:54 [notice] 1#1: start worker process 33
2022/03/14 14:22:54 [notice] 1#1: start worker process 34
2022/03/14 14:22:54 [notice] 1#1: start worker process 35
2022/03/14 14:30:41 [notice] 1#1: signal 3 (SIGQUIT) received, shutting down
2022/03/14 14:30:41 [notice] 30#30: gracefully shutting down
2022/03/14 14:30:41 [notice] 33#33: gracefully shutting down
2022/03/14 14:30:41 [notice] 32#32: gracefully shutting down
2022/03/14 14:30:41 [notice] 30#30: exiting
2022/03/14 14:30:41 [notice] 33#33: exiting
2022/03/14 14:30:41 [notice] 32#32: exiting
2022/03/14 14:30:41 [notice] 30#30: exit
2022/03/14 14:30:41 [notice] 33#33: exit
2022/03/14 14:30:41 [notice] 32#32: exit
2022/03/14 14:30:41 [notice] 34#34: gracefully shutting down
2022/03/14 14:30:41 [notice] 34#34: exiting
2022/03/14 14:30:41 [notice] 34#34: exit
2022/03/14 14:30:41 [notice] 31#31: gracefully shutting down
2022/03/14 14:30:41 [notice] 31#31: exiting
2022/03/14 14:30:41 [notice] 31#31: exit
2022/03/14 14:30:41 [notice] 35#35: gracefully shutting down
2022/03/14 14:30:41 [notice] 35#35: exiting
2022/03/14 14:30:41 [notice] 35#35: exit
2022/03/14 14:30:41 [notice] 1#1: signal 17 (SIGCHLD) received from 35
2022/03/14 14:30:41 [notice] 1#1: worker process 35 exited with code 0
2022/03/14 14:30:41 [notice] 1#1: signal 29 (SIGIO) received
2022/03/14 14:30:41 [notice] 1#1: signal 17 (SIGCHLD) received from 33
2022/03/14 14:30:41 [notice] 1#1: worker process 33 exited with code 0
2022/03/14 14:30:41 [notice] 1#1: signal 29 (SIGIO) received
2022/03/14 14:30:41 [notice] 1#1: signal 17 (SIGCHLD) received from 34
2022/03/14 14:30:41 [notice] 1#1: worker process 34 exited with code 0
2022/03/14 14:30:41 [notice] 1#1: signal 29 (SIGIO) received
2022/03/14 14:30:41 [notice] 1#1: signal 17 (SIGCHLD) received from 32
2022/03/14 14:30:41 [notice] 1#1: worker process 32 exited with code 0
2022/03/14 14:30:41 [notice] 1#1: signal 29 (SIGIO) received
2022/03/14 14:30:41 [notice] 1#1: signal 17 (SIGCHLD) received from 30
2022/03/14 14:30:41 [notice] 1#1: worker process 30 exited with code 0
2022/03/14 14:30:41 [notice] 1#1: signal 17 (SIGCHLD) received from 31
2022/03/14 14:30:41 [notice] 1#1: worker process 31 exited with code 0
2022/03/14 14:30:41 [notice] 1#1: exit
2022/03/14 14:30:46 [notice] 1#1: using the "epoll" event method
2022/03/14 14:30:46 [notice] 1#1: nginx/1.20.2
2022/03/14 14:30:46 [notice] 1#1: built by gcc 10.2.1 20210110 (Debian 10.2.1-6) 
2022/03/14 14:30:46 [notice] 1#1: OS: Linux 5.16.11-2-MANJARO
2022/03/14 14:30:46 [notice] 1#1: getrlimit(RLIMIT_NOFILE): 1073741816:1073741816
2022/03/14 14:30:46 [notice] 1#1: start worker processes
2022/03/14 14:30:46 [notice] 1#1: start worker process 30
2022/03/14 14:30:46 [notice] 1#1: start worker process 31
2022/03/14 14:30:46 [notice] 1#1: start worker process 32
2022/03/14 14:30:46 [notice] 1#1: start worker process 33
2022/03/14 14:30:46 [notice] 1#1: start worker process 34
2022/03/14 14:30:46 [notice] 1#1: start worker process 35
2022/03/14 14:37:14 [error] 30#30: *1 FastCGI sent in stderr: "PHP message: 2022-03-14T14:37:14+00:00 [critical] Uncaught Exception: Cannot autowire service "App\Services\CBRCurrenciesLoader": argument "$redis" of method "__construct()" has type "Redis" but this class was not found" while reading upstream, client: 172.27.0.1, server: localhost, request: "GET /currency HTTP/1.1", upstream: "fastcgi://172.27.0.5:9000", host: "localhost:8086"
2022/03/14 14:40:52 [error] 30#30: *5 FastCGI sent in stderr: "PHP message: 2022-03-14T14:40:52+00:00 [critical] Uncaught Exception: Cannot autowire service "App\Services\CBRCurrenciesLoader": argument "$redis" of method "__construct()" references class "Predis\Client" but no such service exists. You should maybe alias this class to the existing "snc_redis.default" service" while reading upstream, client: 172.27.0.1, server: localhost, request: "GET /currency HTTP/1.1", upstream: "fastcgi://172.27.0.5:9000", host: "localhost:8086"
2022/03/14 14:47:59 [error] 30#30: *7 FastCGI sent in stderr: "PHP message: 2022-03-14T14:47:59+00:00 [critical] Uncaught Exception: Cannot autowire service "App\Services\CBRCurrenciesLoader": argument "$redis" of method "__construct()" references class "Predis\Client" but no such service exists. You should maybe alias this class to the existing "snc_redis.default" service" while reading upstream, client: 172.27.0.1, server: localhost, request: "GET /currency HTTP/1.1", upstream: "fastcgi://172.27.0.5:9000", host: "localhost:8086"
2022/03/14 14:48:21 [error] 30#30: *7 FastCGI sent in stderr: "PHP message: 2022-03-14T14:48:21+00:00 [critical] Uncaught Exception: Cannot autowire service "App\Services\CBRCurrenciesLoader": argument "$redis" of method "__construct()" has type "Redis" but this class was not found" while reading upstream, client: 172.27.0.1, server: localhost, request: "GET /currency HTTP/1.1", upstream: "fastcgi://172.27.0.5:9000", host: "localhost:8086"
2022/03/14 14:49:00 [error] 30#30: *7 FastCGI sent in stderr: "PHP message: 2022-03-14T14:49:00+00:00 [critical] Uncaught Exception: Cannot autowire service "App\Services\CBRCurrenciesLoader": argument "$redis" of method "__construct()" references class "Predis\Client" but no such service exists. You should maybe alias this class to the existing "snc_redis.default" service" while reading upstream, client: 172.27.0.1, server: localhost, request: "GET /currency HTTP/1.1", upstream: "fastcgi://172.27.0.5:9000", host: "localhost:8086"
2022/03/14 14:49:27 [error] 30#30: *7 FastCGI sent in stderr: "PHP message: 2022-03-14T14:49:27+00:00 [critical] Uncaught Exception: Cannot autowire service "App\Services\CBRCurrenciesLoader": argument "$redis" of method "__construct()" references class "Predis\Client" but no such service exists. You should maybe alias this class to the existing "snc_redis.default" service" while reading upstream, client: 172.27.0.1, server: localhost, request: "GET /currency HTTP/1.1", upstream: "fastcgi://172.27.0.5:9000", host: "localhost:8086"
2022/03/14 15:39:09 [error] 30#30: *25 FastCGI sent in stderr: "PHP message: 2022-03-14T15:39:09+00:00 [critical] Uncaught Exception: Cannot autowire service "App\Repository\CurrencyRepository": argument "$redis" of method "__construct()" references class "Predis\Client" but no such service exists. You should maybe alias this class to the existing "snc_redis.default" service" while reading upstream, client: 172.27.0.1, server: localhost, request: "GET /currency HTTP/1.1", upstream: "fastcgi://172.27.0.5:9000", host: "localhost:8086"
2022/03/14 15:39:49 [error] 30#30: *25 FastCGI sent in stderr: "PHP message: 2022-03-14T15:39:49+00:00 [critical] Uncaught Exception: Cannot autowire service "App\Repository\CurrencyRepository": argument "$redis" of method "__construct()" references class "Predis\Client" but no such service exists. You should maybe alias this class to the existing "snc_redis.default" service" while reading upstream, client: 172.27.0.1, server: localhost, request: "GET /currency HTTP/1.1", upstream: "fastcgi://172.27.0.5:9000", host: "localhost:8086"
2022/03/14 15:42:22 [error] 30#30: *28 FastCGI sent in stderr: "PHP message: 2022-03-14T15:42:22+00:00 [critical] Uncaught Exception: Cannot autowire service "App\Repository\CurrencyRepository": argument "$namespace" of method "__construct()" is type-hinted "string", you should configure its value explicitly" while reading upstream, client: 172.27.0.1, server: localhost, request: "GET /currency HTTP/1.1", upstream: "fastcgi://172.27.0.5:9000", host: "localhost:8086"
2022/03/14 16:07:58 [error] 30#30: *67 FastCGI sent in stderr: "PHP message: 2022-03-14T16:07:58+00:00 [critical] Uncaught Error: syntax error, unexpected token ","" while reading upstream, client: 172.27.0.1, server: localhost, request: "GET /currency HTTP/1.1", upstream: "fastcgi://172.27.0.5:9000", host: "localhost:8086"
2022/03/14 18:20:26 [notice] 1#1: signal 3 (SIGQUIT) received, shutting down
2022/03/14 18:20:26 [notice] 33#33: gracefully shutting down
2022/03/14 18:20:26 [notice] 34#34: gracefully shutting down
2022/03/14 18:20:26 [notice] 31#31: gracefully shutting down
2022/03/14 18:20:26 [notice] 32#32: gracefully shutting down
2022/03/14 18:20:26 [notice] 33#33: exiting
2022/03/14 18:20:26 [notice] 35#35: gracefully shutting down
2022/03/14 18:20:26 [notice] 34#34: exiting
2022/03/14 18:20:26 [notice] 31#31: exiting
2022/03/14 18:20:26 [notice] 32#32: exiting
2022/03/14 18:20:26 [notice] 35#35: exiting
2022/03/14 18:20:26 [notice] 33#33: exit
2022/03/14 18:20:26 [notice] 34#34: exit
2022/03/14 18:20:26 [notice] 31#31: exit
2022/03/14 18:20:26 [notice] 35#35: exit
2022/03/14 18:20:26 [notice] 32#32: exit
2022/03/14 18:20:26 [notice] 30#30: gracefully shutting down
2022/03/14 18:20:26 [notice] 30#30: exiting
2022/03/14 18:20:26 [notice] 30#30: exit
2022/03/14 18:20:26 [notice] 1#1: signal 17 (SIGCHLD) received from 35
2022/03/14 18:20:26 [notice] 1#1: worker process 35 exited with code 0
2022/03/14 18:20:26 [notice] 1#1: signal 29 (SIGIO) received
2022/03/14 18:20:26 [notice] 1#1: signal 17 (SIGCHLD) received from 33
2022/03/14 18:20:26 [notice] 1#1: worker process 33 exited with code 0
2022/03/14 18:20:26 [notice] 1#1: signal 29 (SIGIO) received
2022/03/14 18:20:26 [notice] 1#1: signal 17 (SIGCHLD) received from 34
2022/03/14 18:20:26 [notice] 1#1: worker process 32 exited with code 0
2022/03/14 18:20:26 [notice] 1#1: worker process 34 exited with code 0
2022/03/14 18:20:26 [notice] 1#1: signal 29 (SIGIO) received
2022/03/14 18:20:26 [notice] 1#1: signal 17 (SIGCHLD) received from 31
2022/03/14 18:20:26 [notice] 1#1: worker process 31 exited with code 0
2022/03/14 18:20:26 [notice] 1#1: signal 29 (SIGIO) received
2022/03/14 18:20:26 [notice] 1#1: signal 17 (SIGCHLD) received from 30
2022/03/14 18:20:26 [notice] 1#1: worker process 30 exited with code 0
2022/03/14 18:20:26 [notice] 1#1: exit
2022/03/14 18:20:27 [notice] 1#1: using the "epoll" event method
2022/03/14 18:20:27 [notice] 1#1: nginx/1.20.2
2022/03/14 18:20:27 [notice] 1#1: built by gcc 10.2.1 20210110 (Debian 10.2.1-6) 
2022/03/14 18:20:27 [notice] 1#1: OS: Linux 5.16.11-2-MANJARO
2022/03/14 18:20:27 [notice] 1#1: getrlimit(RLIMIT_NOFILE): 1073741816:1073741816
2022/03/14 18:20:27 [notice] 1#1: start worker processes
2022/03/14 18:20:27 [notice] 1#1: start worker process 30
2022/03/14 18:20:27 [notice] 1#1: start worker process 31
2022/03/14 18:20:27 [notice] 1#1: start worker process 32
2022/03/14 18:20:27 [notice] 1#1: start worker process 33
2022/03/14 18:20:27 [notice] 1#1: start worker process 34
2022/03/14 18:20:27 [notice] 1#1: start worker process 35
2022/03/14 18:35:18 [notice] 1#1: signal 3 (SIGQUIT) received, shutting down
2022/03/14 18:35:18 [notice] 30#30: gracefully shutting down
2022/03/14 18:35:18 [notice] 31#31: gracefully shutting down
2022/03/14 18:35:18 [notice] 34#34: gracefully shutting down
2022/03/14 18:35:18 [notice] 31#31: exiting
2022/03/14 18:35:18 [notice] 35#35: gracefully shutting down
2022/03/14 18:35:18 [notice] 34#34: exiting
2022/03/14 18:35:18 [notice] 35#35: exiting
2022/03/14 18:35:18 [notice] 31#31: exit
2022/03/14 18:35:18 [notice] 34#34: exit
2022/03/14 18:35:18 [notice] 30#30: exiting
2022/03/14 18:35:18 [notice] 35#35: exit
2022/03/14 18:35:18 [notice] 30#30: exit
2022/03/14 18:35:18 [notice] 32#32: gracefully shutting down
2022/03/14 18:35:18 [notice] 32#32: exiting
2022/03/14 18:35:18 [notice] 33#33: gracefully shutting down
2022/03/14 18:35:18 [notice] 32#32: exit
2022/03/14 18:35:18 [notice] 33#33: exiting
2022/03/14 18:35:18 [notice] 33#33: exit
2022/03/14 18:35:18 [notice] 1#1: signal 17 (SIGCHLD) received from 30
2022/03/14 18:35:18 [notice] 1#1: worker process 30 exited with code 0
2022/03/14 18:35:18 [notice] 1#1: worker process 32 exited with code 0
2022/03/14 18:35:18 [notice] 1#1: signal 29 (SIGIO) received
2022/03/14 18:35:18 [notice] 1#1: signal 17 (SIGCHLD) received from 34
2022/03/14 18:35:18 [notice] 1#1: worker process 34 exited with code 0
2022/03/14 18:35:18 [notice] 1#1: signal 29 (SIGIO) received
2022/03/14 18:35:18 [notice] 1#1: signal 17 (SIGCHLD) received from 35
2022/03/14 18:35:18 [notice] 1#1: worker process 31 exited with code 0
2022/03/14 18:35:18 [notice] 1#1: worker process 35 exited with code 0
2022/03/14 18:35:18 [notice] 1#1: signal 29 (SIGIO) received
2022/03/14 18:35:18 [notice] 1#1: signal 17 (SIGCHLD) received from 31
2022/03/14 18:35:18 [notice] 1#1: signal 17 (SIGCHLD) received from 33
2022/03/14 18:35:18 [notice] 1#1: worker process 33 exited with code 0
2022/03/14 18:35:18 [notice] 1#1: exit
2022/03/14 18:35:25 [notice] 1#1: using the "epoll" event method
2022/03/14 18:35:25 [notice] 1#1: nginx/1.20.2
2022/03/14 18:35:25 [notice] 1#1: built by gcc 10.2.1 20210110 (Debian 10.2.1-6) 
2022/03/14 18:35:25 [notice] 1#1: OS: Linux 5.16.11-2-MANJARO
2022/03/14 18:35:25 [notice] 1#1: getrlimit(RLIMIT_NOFILE): 1073741816:1073741816
2022/03/14 18:35:25 [notice] 1#1: start worker processes
2022/03/14 18:35:25 [notice] 1#1: start worker process 30
2022/03/14 18:35:25 [notice] 1#1: start worker process 31
2022/03/14 18:35:25 [notice] 1#1: start worker process 32
2022/03/14 18:35:25 [notice] 1#1: start worker process 33
2022/03/14 18:35:25 [notice] 1#1: start worker process 34
2022/03/14 18:35:25 [notice] 1#1: start worker process 35
2022/03/14 19:39:17 [error] 30#30: *73 FastCGI sent in stderr: "PHP message: 2022-03-14T19:39:17+00:00 [critical] Uncaught Error: syntax error, unexpected token "}"" while reading upstream, client: 192.168.16.1, server: localhost, request: "GET /currency?form%5Bdate%5D%5Bmonth%5D=3&form%5Bdate%5D%5Bday%5D=11&form%5Bdate%5D%5Byear%5D=2022&form%5Bcurrency_code%5D=R01235&form%5Bcurrency_base_code%5D=R01235&form%5Bsubmit%5D=&form%5B_token%5D=4342725b35423d82dbe4fa.1SyEwAhZjVSTgoDii-I8WvI2_V3f8BH_Tk-bXDDr_tQ.kmTdjToX_Rym2_qo-IFsBcdduhSRtHXIAj7PcQisvLO9Zs34Tj_SF6fu9w HTTP/1.1", upstream: "fastcgi://192.168.16.3:9000", host: "localhost:8086", referrer: "http://localhost:8086/currency"
2022/03/14 20:20:29 [error] 30#30: *181 FastCGI sent in stderr: "PHP message: 2022-03-14T20:20:29+00:00 [critical] Uncaught Exception: The file "/var/www/app/config/services.yaml" does not contain valid YAML: The reserved indicator "%" cannot start a plain scalar; you need to quote the scalar at line 34 (near "$debugMode: %resolve('DEBUG')%") in /var/www/app/config/services.yaml (which is being imported from "/var/www/app/src/Kernel.php")" while reading upstream, client: 192.168.16.1, server: localhost, request: "GET /currency?form%5Bdate%5D%5Bmonth%5D=3&form%5Bdate%5D%5Bday%5D=12&form%5Bdate%5D%5Byear%5D=2022&form%5Bcurrency_code%5D=R01035&form%5Bcurrency_base_code%5D=RUR&form%5Bsubmit%5D= HTTP/1.1", upstream: "fastcgi://192.168.16.3:9000", host: "localhost:8086", referrer: "http://localhost:8086/currency?form%5Bdate%5D%5Bmonth%5D=3&form%5Bdate%5D%5Bday%5D=12&form%5Bdate%5D%5Byear%5D=2022&form%5Bcurrency_code%5D=R01035&form%5Bcurrency_base_code%5D=RUR&form%5Bsubmit%5D="
